# Logfile created on 2015-08-10 13:37:55 -0700 by logger.rb/41954
2015-08-10T20:37:58.207Z 10424 TID-ougk63ydo INFO: Running in ruby 2.0.0p643 (2015-02-25 revision 49749) [x86_64-darwin14.3.0]
2015-08-10T20:37:58.208Z 10424 TID-ougk63ydo INFO: See LICENSE and the LGPL-3.0 for licensing details.
2015-08-10T20:37:58.208Z 10424 TID-ougk63ydo INFO: Upgrade to Sidekiq Pro for more features and support: http://sidekiq.org/pro
2015-08-10T20:37:58.208Z 10424 TID-ougk63ydo INFO: Booting Sidekiq 3.4.2 with redis options {:url=>nil}
2015-08-10T20:37:58.208Z 10424 TID-ougk63ydo INFO: Starting processing, hit Ctrl-C to stop
2015-08-10T20:37:58.407Z 10424 TID-ougkdcr30 ERROR: Error fetching message: Error connecting to Redis on 127.0.0.1:6379 (Errno::ECONNREFUSED)
2015-08-10T20:37:58.407Z 10424 TID-ougkdcr30 ERROR: /Users/Chris/.rvm/gems/ruby-2.0.0-p643/gems/redis-3.2.1/lib/redis/client.rb:331:in `rescue in establish_connection'
2015-08-10T20:37:58.407Z 10424 TID-ougkdcr30 ERROR: /Users/Chris/.rvm/gems/ruby-2.0.0-p643/gems/redis-3.2.1/lib/redis/client.rb:317:in `establish_connection'
2015-08-10T20:37:58.407Z 10424 TID-ougkdcr30 ERROR: /Users/Chris/.rvm/gems/ruby-2.0.0-p643/gems/redis-3.2.1/lib/redis/client.rb:94:in `block in connect'
2015-08-10T20:37:58.407Z 10424 TID-ougkdcr30 ERROR: /Users/Chris/.rvm/gems/ruby-2.0.0-p643/gems/redis-3.2.1/lib/redis/client.rb:279:in `with_reconnect'
2015-08-10T20:37:58.407Z 10424 TID-ougkdcr30 ERROR: /Users/Chris/.rvm/gems/ruby-2.0.0-p643/gems/redis-3.2.1/lib/redis/client.rb:93:in `connect'
2015-08-10T20:37:58.407Z 10424 TID-ougkdcr30 ERROR: /Users/Chris/.rvm/gems/ruby-2.0.0-p643/gems/redis-3.2.1/lib/redis/client.rb:262:in `with_socket_timeout'
2015-08-10T20:37:58.407Z 10424 TID-ougkyjvvk ERROR: heartbeat: Error connecting to Redis on 127.0.0.1:6379 (Errno::ECONNREFUSED)
2015-08-10T20:37:58.407Z 10424 TID-ougkdcr30 ERROR: /Users/Chris/.rvm/gems/ruby-2.0.0-p643/gems/redis-3.2.1/lib/redis/client.rb:194:in `call_with_timeout'
2015-08-10T20:37:58.408Z 10424 TID-ougkdcr30 ERROR: /Users/Chris/.rvm/gems/ruby-2.0.0-p643/gems/redis-3.2.1/lib/redis.rb:1064:in `block in _bpop'
2015-08-10T20:37:58.408Z 10424 TID-ougkdcr30 ERROR: /Users/Chris/.rvm/gems/ruby-2.0.0-p643/gems/redis-3.2.1/lib/redis.rb:37:in `block in synchronize'
2015-08-10T20:37:58.408Z 10424 TID-ougkdcr30 ERROR: /Users/Chris/.rvm/rubies/ruby-2.0.0-p643/lib/ruby/2.0.0/monitor.rb:211:in `mon_synchronize'
2015-08-10T20:37:58.408Z 10424 TID-ougkdcr30 ERROR: /Users/Chris/.rvm/gems/ruby-2.0.0-p643/gems/redis-3.2.1/lib/redis.rb:37:in `synchronize'
2015-08-10T20:37:58.408Z 10424 TID-ougkdcr30 ERROR: /Users/Chris/.rvm/gems/ruby-2.0.0-p643/gems/redis-3.2.1/lib/redis.rb:1061:in `_bpop'
2015-08-10T20:37:58.408Z 10424 TID-ougkdcr30 ERROR: /Users/Chris/.rvm/gems/ruby-2.0.0-p643/gems/redis-3.2.1/lib/redis.rb:1106:in `brpop'
2015-08-10T20:37:58.408Z 10424 TID-ougkdcr30 ERROR: /Users/Chris/.rvm/gems/ruby-2.0.0-p643/gems/sidekiq-3.4.2/lib/sidekiq/fetch.rb:102:in `block in retrieve_work'
2015-08-10T20:37:58.408Z 10424 TID-ougkdcr30 ERROR: /Users/Chris/.rvm/gems/ruby-2.0.0-p643/gems/connection_pool-2.2.0/lib/connection_pool.rb:64:in `block (2 levels) in with'
2015-08-10T20:37:58.408Z 10424 TID-ougkdcr30 ERROR: /Users/Chris/.rvm/gems/ruby-2.0.0-p643/gems/connection_pool-2.2.0/lib/connection_pool.rb:63:in `handle_interrupt'
2015-08-10T20:37:58.408Z 10424 TID-ougkdcr30 ERROR: /Users/Chris/.rvm/gems/ruby-2.0.0-p643/gems/connection_pool-2.2.0/lib/connection_pool.rb:63:in `block in with'
2015-08-10T20:37:58.408Z 10424 TID-ougkdcr30 ERROR: /Users/Chris/.rvm/gems/ruby-2.0.0-p643/gems/connection_pool-2.2.0/lib/connection_pool.rb:60:in `handle_interrupt'
2015-08-10T20:37:58.408Z 10424 TID-ougkdcr30 ERROR: /Users/Chris/.rvm/gems/ruby-2.0.0-p643/gems/connection_pool-2.2.0/lib/connection_pool.rb:60:in `with'
2015-08-10T20:37:58.408Z 10424 TID-ougkdcr30 ERROR: /Users/Chris/.rvm/gems/ruby-2.0.0-p643/gems/sidekiq-3.4.2/lib/sidekiq.rb:81:in `redis'
2015-08-10T20:37:58.408Z 10424 TID-ougkdcr30 ERROR: /Users/Chris/.rvm/gems/ruby-2.0.0-p643/gems/sidekiq-3.4.2/lib/sidekiq/fetch.rb:102:in `retrieve_work'
2015-08-10T20:37:58.408Z 10424 TID-ougkdcr30 ERROR: /Users/Chris/.rvm/gems/ruby-2.0.0-p643/gems/sidekiq-3.4.2/lib/sidekiq/fetch.rb:37:in `block in fetch'
2015-08-10T20:37:58.408Z 10424 TID-ougkdcr30 ERROR: /Users/Chris/.rvm/gems/ruby-2.0.0-p643/gems/sidekiq-3.4.2/lib/sidekiq/util.rb:16:in `watchdog'
2015-08-10T20:37:58.408Z 10424 TID-ougkdcr30 ERROR: /Users/Chris/.rvm/gems/ruby-2.0.0-p643/gems/sidekiq-3.4.2/lib/sidekiq/fetch.rb:33:in `fetch'
2015-08-10T20:37:58.408Z 10424 TID-ougkdcr30 ERROR: /Users/Chris/.rvm/gems/ruby-2.0.0-p643/gems/celluloid-0.16.1/lib/celluloid/calls.rb:26:in `public_send'
2015-08-10T20:37:58.408Z 10424 TID-ougkdcr30 ERROR: /Users/Chris/.rvm/gems/ruby-2.0.0-p643/gems/celluloid-0.16.1/lib/celluloid/calls.rb:26:in `dispatch'
2015-08-10T20:37:58.408Z 10424 TID-ougkdcr30 ERROR: /Users/Chris/.rvm/gems/ruby-2.0.0-p643/gems/celluloid-0.16.1/lib/celluloid/calls.rb:137:in `dispatch'
2015-08-10T20:37:58.408Z 10424 TID-ougkdcr30 ERROR: /Users/Chris/.rvm/gems/ruby-2.0.0-p643/gems/celluloid-0.16.1/lib/celluloid/cell.rb:60:in `block in invoke'
2015-08-10T20:37:58.408Z 10424 TID-ougkdcr30 ERROR: /Users/Chris/.rvm/gems/ruby-2.0.0-p643/gems/celluloid-0.16.1/lib/celluloid/cell.rb:71:in `block in task'
2015-08-10T20:37:58.408Z 10424 TID-ougkdcr30 ERROR: /Users/Chris/.rvm/gems/ruby-2.0.0-p643/gems/celluloid-0.16.1/lib/celluloid/actor.rb:357:in `block in task'
2015-08-10T20:37:58.408Z 10424 TID-ougkdcr30 ERROR: /Users/Chris/.rvm/gems/ruby-2.0.0-p643/gems/celluloid-0.16.1/lib/celluloid/tasks.rb:57:in `block in initialize'
2015-08-10T20:37:58.408Z 10424 TID-ougkdcr30 ERROR: /Users/Chris/.rvm/gems/ruby-2.0.0-p643/gems/celluloid-0.16.1/lib/celluloid/tasks/task_fiber.rb:14:in `block in create'
2015-08-10T20:38:03.411Z 10424 TID-ougkyjvvk ERROR: heartbeat: Error connecting to Redis on 127.0.0.1:6379 (Errno::ECONNREFUSED)
2015-08-10T20:38:08.416Z 10424 TID-ougkyjvvk ERROR: heartbeat: Error connecting to Redis on 127.0.0.1:6379 (Errno::ECONNREFUSED)
2015-08-10T20:38:13.265Z 10424 TID-ougk7khd8 ERROR: Error connecting to Redis on 127.0.0.1:6379 (Errno::ECONNREFUSED)
2015-08-10T20:38:13.265Z 10424 TID-ougk7khd8 ERROR: /Users/Chris/.rvm/gems/ruby-2.0.0-p643/gems/redis-3.2.1/lib/redis/client.rb:331:in `rescue in establish_connection'
2015-08-10T20:38:13.265Z 10424 TID-ougk7khd8 WARN: {:context=>"scheduling poller thread died!"}
2015-08-10T20:38:13.265Z 10424 TID-ougk7khd8 WARN: Redis::CannotConnectError: Error connecting to Redis on 127.0.0.1:6379 (Errno::ECONNREFUSED)
2015-08-10T20:38:13.265Z 10424 TID-ougk7khd8 WARN: /Users/Chris/.rvm/gems/ruby-2.0.0-p643/gems/redis-3.2.1/lib/redis/client.rb:331:in `rescue in establish_connection'
/Users/Chris/.rvm/gems/ruby-2.0.0-p643/gems/redis-3.2.1/lib/redis/client.rb:317:in `establish_connection'
/Users/Chris/.rvm/gems/ruby-2.0.0-p643/gems/redis-3.2.1/lib/redis/client.rb:94:in `block in connect'
/Users/Chris/.rvm/gems/ruby-2.0.0-p643/gems/redis-3.2.1/lib/redis/client.rb:279:in `with_reconnect'
/Users/Chris/.rvm/gems/ruby-2.0.0-p643/gems/redis-3.2.1/lib/redis/client.rb:93:in `connect'
/Users/Chris/.rvm/gems/ruby-2.0.0-p643/gems/redis-3.2.1/lib/redis/client.rb:350:in `ensure_connected'
/Users/Chris/.rvm/gems/ruby-2.0.0-p643/gems/redis-3.2.1/lib/redis/client.rb:207:in `block in process'
/Users/Chris/.rvm/gems/ruby-2.0.0-p643/gems/redis-3.2.1/lib/redis/client.rb:292:in `logging'
/Users/Chris/.rvm/gems/ruby-2.0.0-p643/gems/redis-3.2.1/lib/redis/client.rb:206:in `process'
/Users/Chris/.rvm/gems/ruby-2.0.0-p643/gems/redis-3.2.1/lib/redis/client.rb:112:in `call'
/Users/Chris/.rvm/gems/ruby-2.0.0-p643/gems/redis-3.2.1/lib/redis.rb:1320:in `block in smembers'
/Users/Chris/.rvm/gems/ruby-2.0.0-p643/gems/redis-3.2.1/lib/redis.rb:37:in `block in synchronize'
/Users/Chris/.rvm/rubies/ruby-2.0.0-p643/lib/ruby/2.0.0/monitor.rb:211:in `mon_synchronize'
/Users/Chris/.rvm/gems/ruby-2.0.0-p643/gems/redis-3.2.1/lib/redis.rb:37:in `synchronize'
/Users/Chris/.rvm/gems/ruby-2.0.0-p643/gems/redis-3.2.1/lib/redis.rb:1319:in `smembers'
/Users/Chris/.rvm/gems/ruby-2.0.0-p643/gems/sidekiq-3.4.2/lib/sidekiq/api.rb:639:in `block in cleanup'
/Users/Chris/.rvm/gems/ruby-2.0.0-p643/gems/connection_pool-2.2.0/lib/connection_pool.rb:64:in `block (2 levels) in with'
/Users/Chris/.rvm/gems/ruby-2.0.0-p643/gems/connection_pool-2.2.0/lib/connection_pool.rb:63:in `handle_interrupt'
/Users/Chris/.rvm/gems/ruby-2.0.0-p643/gems/connection_pool-2.2.0/lib/connection_pool.rb:63:in `block in with'
/Users/Chris/.rvm/gems/ruby-2.0.0-p643/gems/connection_pool-2.2.0/lib/connection_pool.rb:60:in `handle_interrupt'
/Users/Chris/.rvm/gems/ruby-2.0.0-p643/gems/connection_pool-2.2.0/lib/connection_pool.rb:60:in `with'
/Users/Chris/.rvm/gems/ruby-2.0.0-p643/gems/sidekiq-3.4.2/lib/sidekiq.rb:81:in `redis'
/Users/Chris/.rvm/gems/ruby-2.0.0-p643/gems/sidekiq-3.4.2/lib/sidekiq/api.rb:638:in `cleanup'
/Users/Chris/.rvm/gems/ruby-2.0.0-p643/gems/sidekiq-3.4.2/lib/sidekiq/api.rb:631:in `initialize'
/Users/Chris/.rvm/gems/ruby-2.0.0-p643/gems/sidekiq-3.4.2/lib/sidekiq/scheduled.rb:95:in `new'
/Users/Chris/.rvm/gems/ruby-2.0.0-p643/gems/sidekiq-3.4.2/lib/sidekiq/scheduled.rb:95:in `scaled_poll_interval'
/Users/Chris/.rvm/gems/ruby-2.0.0-p643/gems/sidekiq-3.4.2/lib/sidekiq/scheduled.rb:88:in `poll_interval_average'
/Users/Chris/.rvm/gems/ruby-2.0.0-p643/gems/sidekiq-3.4.2/lib/sidekiq/scheduled.rb:71:in `random_poll_interval'
/Users/Chris/.rvm/gems/ruby-2.0.0-p643/gems/sidekiq-3.4.2/lib/sidekiq/scheduled.rb:63:in `block in poll'
/Users/Chris/.rvm/gems/ruby-2.0.0-p643/gems/sidekiq-3.4.2/lib/sidekiq/util.rb:16:in `watchdog'
/Users/Chris/.rvm/gems/ruby-2.0.0-p643/gems/sidekiq-3.4.2/lib/sidekiq/scheduled.rb:51:in `poll'
/Users/Chris/.rvm/gems/ruby-2.0.0-p643/gems/celluloid-0.16.1/lib/celluloid/calls.rb:26:in `public_send'
/Users/Chris/.rvm/gems/ruby-2.0.0-p643/gems/celluloid-0.16.1/lib/celluloid/calls.rb:26:in `dispatch'
/Users/Chris/.rvm/gems/ruby-2.0.0-p643/gems/celluloid-0.16.1/lib/celluloid/calls.rb:137:in `dispatch'
/Users/Chris/.rvm/gems/ruby-2.0.0-p643/gems/celluloid-0.16.1/lib/celluloid/cell.rb:60:in `block in invoke'
/Users/Chris/.rvm/gems/ruby-2.0.0-p643/gems/celluloid-0.16.1/lib/celluloid/cell.rb:71:in `block in task'
/Users/Chris/.rvm/gems/ruby-2.0.0-p643/gems/celluloid-0.16.1/lib/celluloid/actor.rb:357:in `block in task'
/Users/Chris/.rvm/gems/ruby-2.0.0-p643/gems/celluloid-0.16.1/lib/celluloid/tasks.rb:57:in `block in initialize'
/Users/Chris/.rvm/gems/ruby-2.0.0-p643/gems/celluloid-0.16.1/lib/celluloid/tasks/task_fiber.rb:14:in `block in create'
2015-08-10T20:38:13.266Z 10424 TID-ougkyjgb0 WARN: Sidekiq died due to the following error, cannot recover, process exiting
2015-08-10T20:38:13.266Z 10424 TID-ougkyjgb0 WARN: Redis::CannotConnectError: Error connecting to Redis on 127.0.0.1:6379 (Errno::ECONNREFUSED)
2015-08-10T20:38:13.266Z 10424 TID-ougkyjgb0 WARN: /Users/Chris/.rvm/gems/ruby-2.0.0-p643/gems/redis-3.2.1/lib/redis/client.rb:331:in `rescue in establish_connection'
/Users/Chris/.rvm/gems/ruby-2.0.0-p643/gems/redis-3.2.1/lib/redis/client.rb:317:in `establish_connection'
/Users/Chris/.rvm/gems/ruby-2.0.0-p643/gems/redis-3.2.1/lib/redis/client.rb:94:in `block in connect'
/Users/Chris/.rvm/gems/ruby-2.0.0-p643/gems/redis-3.2.1/lib/redis/client.rb:279:in `with_reconnect'
/Users/Chris/.rvm/gems/ruby-2.0.0-p643/gems/redis-3.2.1/lib/redis/client.rb:93:in `connect'
/Users/Chris/.rvm/gems/ruby-2.0.0-p643/gems/redis-3.2.1/lib/redis/client.rb:350:in `ensure_connected'
/Users/Chris/.rvm/gems/ruby-2.0.0-p643/gems/redis-3.2.1/lib/redis/client.rb:207:in `block in process'
/Users/Chris/.rvm/gems/ruby-2.0.0-p643/gems/redis-3.2.1/lib/redis/client.rb:292:in `logging'
/Users/Chris/.rvm/gems/ruby-2.0.0-p643/gems/redis-3.2.1/lib/redis/client.rb:206:in `process'
/Users/Chris/.rvm/gems/ruby-2.0.0-p643/gems/redis-3.2.1/lib/redis/client.rb:112:in `call'
/Users/Chris/.rvm/gems/ruby-2.0.0-p643/gems/redis-3.2.1/lib/redis.rb:1320:in `block in smembers'
/Users/Chris/.rvm/gems/ruby-2.0.0-p643/gems/redis-3.2.1/lib/redis.rb:37:in `block in synchronize'
/Users/Chris/.rvm/rubies/ruby-2.0.0-p643/lib/ruby/2.0.0/monitor.rb:211:in `mon_synchronize'
/Users/Chris/.rvm/gems/ruby-2.0.0-p643/gems/redis-3.2.1/lib/redis.rb:37:in `synchronize'
/Users/Chris/.rvm/gems/ruby-2.0.0-p643/gems/redis-3.2.1/lib/redis.rb:1319:in `smembers'
/Users/Chris/.rvm/gems/ruby-2.0.0-p643/gems/sidekiq-3.4.2/lib/sidekiq/api.rb:639:in `block in cleanup'
/Users/Chris/.rvm/gems/ruby-2.0.0-p643/gems/connection_pool-2.2.0/lib/connection_pool.rb:64:in `block (2 levels) in with'
/Users/Chris/.rvm/gems/ruby-2.0.0-p643/gems/connection_pool-2.2.0/lib/connection_pool.rb:63:in `handle_interrupt'
/Users/Chris/.rvm/gems/ruby-2.0.0-p643/gems/connection_pool-2.2.0/lib/connection_pool.rb:63:in `block in with'
/Users/Chris/.rvm/gems/ruby-2.0.0-p643/gems/connection_pool-2.2.0/lib/connection_pool.rb:60:in `handle_interrupt'
/Users/Chris/.rvm/gems/ruby-2.0.0-p643/gems/connection_pool-2.2.0/lib/connection_pool.rb:60:in `with'
/Users/Chris/.rvm/gems/ruby-2.0.0-p643/gems/sidekiq-3.4.2/lib/sidekiq.rb:81:in `redis'
/Users/Chris/.rvm/gems/ruby-2.0.0-p643/gems/sidekiq-3.4.2/lib/sidekiq/api.rb:638:in `cleanup'
/Users/Chris/.rvm/gems/ruby-2.0.0-p643/gems/sidekiq-3.4.2/lib/sidekiq/api.rb:631:in `initialize'
/Users/Chris/.rvm/gems/ruby-2.0.0-p643/gems/sidekiq-3.4.2/lib/sidekiq/scheduled.rb:95:in `new'
/Users/Chris/.rvm/gems/ruby-2.0.0-p643/gems/sidekiq-3.4.2/lib/sidekiq/scheduled.rb:95:in `scaled_poll_interval'
/Users/Chris/.rvm/gems/ruby-2.0.0-p643/gems/sidekiq-3.4.2/lib/sidekiq/scheduled.rb:88:in `poll_interval_average'
/Users/Chris/.rvm/gems/ruby-2.0.0-p643/gems/sidekiq-3.4.2/lib/sidekiq/scheduled.rb:71:in `random_poll_interval'
/Users/Chris/.rvm/gems/ruby-2.0.0-p643/gems/sidekiq-3.4.2/lib/sidekiq/scheduled.rb:63:in `block in poll'
/Users/Chris/.rvm/gems/ruby-2.0.0-p643/gems/sidekiq-3.4.2/lib/sidekiq/util.rb:16:in `watchdog'
/Users/Chris/.rvm/gems/ruby-2.0.0-p643/gems/sidekiq-3.4.2/lib/sidekiq/scheduled.rb:51:in `poll'
/Users/Chris/.rvm/gems/ruby-2.0.0-p643/gems/celluloid-0.16.1/lib/celluloid/calls.rb:26:in `public_send'
/Users/Chris/.rvm/gems/ruby-2.0.0-p643/gems/celluloid-0.16.1/lib/celluloid/calls.rb:26:in `dispatch'
/Users/Chris/.rvm/gems/ruby-2.0.0-p643/gems/celluloid-0.16.1/lib/celluloid/calls.rb:137:in `dispatch'
/Users/Chris/.rvm/gems/ruby-2.0.0-p643/gems/celluloid-0.16.1/lib/celluloid/cell.rb:60:in `block in invoke'
/Users/Chris/.rvm/gems/ruby-2.0.0-p643/gems/celluloid-0.16.1/lib/celluloid/cell.rb:71:in `block in task'
/Users/Chris/.rvm/gems/ruby-2.0.0-p643/gems/celluloid-0.16.1/lib/celluloid/actor.rb:357:in `block in task'
/Users/Chris/.rvm/gems/ruby-2.0.0-p643/gems/celluloid-0.16.1/lib/celluloid/tasks.rb:57:in `block in initialize'
/Users/Chris/.rvm/gems/ruby-2.0.0-p643/gems/celluloid-0.16.1/lib/celluloid/tasks/task_fiber.rb:14:in `block in create'
